27.01.2017 1:24:25	This log contains information about the import schema operation into project 'Database1' on computer 'LELIKK-PC' by user 'Алексей'.
27.01.2017 1:24:26	Import of database schema has started.
27.01.2017 1:24:35	Gathering database options
27.01.2017 1:24:35	Gathering users
27.01.2017 1:24:35	Gathering roles
27.01.2017 1:24:35	Gathering application roles
27.01.2017 1:24:35	Gathering role memberships
27.01.2017 1:24:35	Gathering filegroups
27.01.2017 1:24:35	Gathering full-text catalogs
27.01.2017 1:24:35	Gathering assemblies
27.01.2017 1:24:35	Gathering certificates
27.01.2017 1:24:35	Gathering asymmetric keys
27.01.2017 1:24:35	Gathering symmetric keys
27.01.2017 1:24:35	Gathering encrypted symmetric keys
27.01.2017 1:24:35	Gathering schemas
27.01.2017 1:24:35	Gathering XML schema collections
27.01.2017 1:24:35	Gathering user-defined data types
27.01.2017 1:24:35	Gathering user-defined types
27.01.2017 1:24:35	Gathering table types
27.01.2017 1:24:35	Gathering unique keys for table types
27.01.2017 1:24:35	Gathering primary keys for table types
27.01.2017 1:24:35	Gathering indexes for table types
27.01.2017 1:24:35	Gathering check constraints for table types
27.01.2017 1:24:36	Gathering default constraints for table types
27.01.2017 1:24:36	Gathering partition functions
27.01.2017 1:24:36	Gathering partition schemes
27.01.2017 1:24:36	Gathering functions
27.01.2017 1:24:36	Gathering encrypted functions
27.01.2017 1:24:36	Gathering aggregates
27.01.2017 1:24:36	Gathering procedures
27.01.2017 1:24:36	Gathering encrypted procedures
27.01.2017 1:24:36	Gathering tables
27.01.2017 1:24:36	Gathering primary keys
27.01.2017 1:24:36	Gathering unique constraints
27.01.2017 1:24:36	Gathering foreign keys
27.01.2017 1:24:36	Gathering default constraints
27.01.2017 1:24:36	Gathering check constraints
27.01.2017 1:24:36	Gathering views
27.01.2017 1:24:36	Gathering encrypted views
27.01.2017 1:24:36	Gathering indexes
27.01.2017 1:24:36	Gathering statistics
27.01.2017 1:24:36	Gathering full-text index stoplists
27.01.2017 1:24:36	Gathering search property lists
27.01.2017 1:24:36	Gathering search properties
27.01.2017 1:24:36	Gathering full-text indexes
27.01.2017 1:24:36	Gathering column store indexes
27.01.2017 1:24:36	Gathering spatial indexes
27.01.2017 1:24:36	Gathering XML indexes
27.01.2017 1:24:36	Gathering Selective XML indexes
27.01.2017 1:24:36	Gathering encrypted triggers
27.01.2017 1:24:36	Gathering triggers
27.01.2017 1:24:36	Gathering encrypted and clr ddl triggers
27.01.2017 1:24:36	Gathering ddl triggers
27.01.2017 1:24:36	Gathering synonyms
27.01.2017 1:24:36	Gathering defaults
27.01.2017 1:24:36	Gathering data constraint uddt bindings
27.01.2017 1:24:36	Gathering rules
27.01.2017 1:24:36	Gathering data constraint uddt bindings
27.01.2017 1:24:36	Gathering message types
27.01.2017 1:24:36	Gathering queues
27.01.2017 1:24:36	Gathering contracts
27.01.2017 1:24:36	Gathering services
27.01.2017 1:24:36	Gathering event notifications
27.01.2017 1:24:36	Gathering remote service bindings
27.01.2017 1:24:36	Gathering broker priorities
27.01.2017 1:24:36	Gathering signatures
27.01.2017 1:24:36	Gathering data compression options
27.01.2017 1:24:36	Gathering sequence types
27.01.2017 1:24:36	Gathering extended properties
27.01.2017 1:24:36	Gathering credentials
27.01.2017 1:24:36	Gathering logins
27.01.2017 1:24:36	Gathering server audits
27.01.2017 1:24:39	Scanning project for duplicate elements
27.01.2017 1:24:39	Finished duplicate element processing
27.01.2017 1:24:39	Finished importing database.
27.01.2017 1:24:39	A summary of the import was saved to the following location: C:\Users\Алексей\Documents\Visual Studio 2015\Projects\Database1\Import Schema Logs\Database1_20170126102425.log
27.01.2017 1:24:39	Click Finish to continue...
